<?xml version="1.0" encoding="UTF-8"?>
<testng-results skipped="0" failed="0" ignored="0" total="1" passed="1">
  <reporter-output>
  </reporter-output>
  <suite name="Default suite" duration-ms="8207" started-at="2018-04-29T13:14:26Z" finished-at="2018-04-29T13:14:34Z">
    <groups>
    </groups>
    <test name="Default test" duration-ms="8207" started-at="2018-04-29T13:14:26Z" finished-at="2018-04-29T13:14:34Z">
      <class name="Basic_rest_assured_get">
        <test-method status="PASS" signature="getData()[pri:0, instance:Basic_rest_assured_get@140e5a13]" name="getData" is-config="true" duration-ms="29" started-at="2018-04-29T13:14:26Z" finished-at="2018-04-29T13:14:26Z">
          <reporter-output>
          </reporter-output>
        </test-method> <!-- getData -->
        <test-method status="PASS" signature="searchPlace()[pri:0, instance:Basic_rest_assured_get@140e5a13]" name="searchPlace" duration-ms="8120" started-at="2018-04-29T13:14:26Z" finished-at="2018-04-29T13:14:34Z">
          <reporter-output>
          </reporter-output>
        </test-method> <!-- searchPlace -->
      </class> <!-- Basic_rest_assured_get -->
    </test> <!-- Default test -->
  </suite> <!-- Default suite -->
</testng-results>
